Command: vcs -full64 -sverilog -debug_acc+all -debug_region+cell+encrypt -cm line+cond+tgl+fsm+branch \
-cm_dir sim/vcs/output/cov_work -f sim/vcs/compile.f -o sim/vcs/output/fft_simv +define+RTL_SIM \
+vcs+lic+wait -l sim/vcs/output/compile.log
                         Chronologic VCS (TM)
      Version T-2022.06-SP2-8_Full64 -- Sun Jun 22 21:43:36 2025

                    Copyright (c) 1991 - 2023 Synopsys, Inc.
   This software and the associated documentation are proprietary to Synopsys,
 Inc. This software may only be used in accordance with the terms and conditions
 of a written license agreement with Synopsys, Inc. All other use, reproduction,
   or distribution of this software is strictly prohibited.  Licensed Products
     communicate with Synopsys servers for the purpose of providing software
    updates, detecting software piracy and verifying that customers are using
    Licensed Products in conformity with the applicable License Key for such
  Licensed Products. Synopsys will use information gathered in connection with
    this process to deliver software updates and pursue software pirates and
                                   infringers.

 Inclusivity & Diversity - Visit SolvNetPlus to read the "Synopsys Statement on
            Inclusivity and Diversity" (Refer to article 000036315 at
                        https://solvnetplus.synopsys.com)

Parsing design file 'rtl/fft_top.v'
Parsing design file 'rtl/modules/fft_ctrl_sm.v'
Parsing design file 'rtl/modules/mem_32x16.v'
Parsing design file 'rtl/modules/w_lut.v'
Parsing design file 'rtl/modules/butterfly.v'
Parsing design file 'rtl/modules/read_addr_lut.v'
Parsing design file 'tb/fft_top_tb.v'
Top Level Modules:
       fft_top_tb
TimeScale is 1 ns / 1 ps
VCS Coverage Metrics Release T-2022.06-SP2-8_Full64 Copyright (c) 1991-2022 by Synopsys Inc.
Starting vcs inline pass...
1 module and 0 UDP read.
recompiling module fft_top_tb
rm -f _cuarc*.so _csrc*.so pre_vcsobj_*.so share_vcsobj_*.so
if [ -x ../sim/vcs/output/fft_simv ]; then chmod a-x ../sim/vcs/output/fft_simv; \
fi
g++  -o ../sim/vcs/output/fft_simv      -rdynamic  -Wl,-rpath='$ORIGIN'/fft_simv.daidir \
-Wl,-rpath=./fft_simv.daidir -Wl,-rpath=/home/vlsi_lab/synopsys/vcs/T-2022.06-SP2-8/linux64/lib \
-L/home/vlsi_lab/synopsys/vcs/T-2022.06-SP2-8/linux64/lib  -Wl,-rpath-link=./  /usr/lib64/libnuma.so.1 \
objs/amcQw_d.o   _22513_archive_1.so _prev_archive_1.so   SIM_l.o      rmapats_mop.o \
rmapats.o rmar.o rmar_nd.o  rmar_llvm_0_1.o rmar_llvm_0_0.o            -lvirsim -lerrorinf \
-lsnpsmalloc -lvfs    -lvcsnew -lsimprofile -lreader_common /home/vlsi_lab/synopsys/vcs/T-2022.06-SP2-8/linux64/lib/libBA.a \
-luclinative /home/vlsi_lab/synopsys/vcs/T-2022.06-SP2-8/linux64/lib/vcs_tls.o   \
-Wl,-whole-archive  -lvcsucli    -Wl,-no-whole-archive          /home/vlsi_lab/synopsys/vcs/T-2022.06-SP2-8/linux64/lib/vcs_save_restore_new.o \
-ldl  -lc -lm -lpthread -ldl 
../sim/vcs/output/fft_simv up to date
CPU time: .347 seconds to compile + .255 seconds to elab + .249 seconds to link
