ucliGUI::start /home/vlsi_lab/user10/Documents/mp_e19276/fft_core_16bit_vlsi_design/sim/vcs/output/fft_simv -ucligui -l simulate.log
set ucliGUI::state
set ucliGUI::state
ucliCore::getToolPID
synopsys::env hasTB
trigger_hier_stack_context_switch 0
synUtils::setDVEInitPhase 1
synopsys::dump -type VPD -file /home/vlsi_lab/user10/Documents/mp_e19276/fft_core_16bit_vlsi_design/sim/vcs/output/inter.vpd -locking
synopsys::dump -autoflush on -fid VPD1
set ::dve_fid VPD1
synUtils::setDVEInitPhase 0
ucliCore::getToolPID
synUtils::sendTool -active _icl_setToolSocket /tmp/smlnpam6Y2p
synUtils::sendTool -active {_icl_start_rpc -version "T-2022.06-SP2-8_Full64" -sync_file /tmp/vcs_dve_rpc.user10.22789}
synUtils::sendTool -active {_icl_createSharedMemory /tmp/vcs_dve_general.user10.22789}
config endofsim noexit
config onfail enable all
config syscaddplainmembers
config syscaddsourcenames
config syscaddstructtypes
synopsys::listing -disable
# Begin_DVE_Session_Save_Info
# DVE restart session
# Saved on Sun Jun 22 16:45:52 2025
# Designs open: 1
#   Sim: /home/vlsi_lab/user10/Documents/mp_e19276/fft_core_16bit_vlsi_design/sim/vcs/output/fft_simv
# Toplevel windows open: 2
# 	TopLevel.1
# 	TopLevel.2
#   Source.1: fft_top_tb
#   Wave.1: 8 signals
#   Group count = 1
#   Group Group1 signal count = 8
# End_DVE_Session_Save_Info
# DVE version: T-2022.06-SP2-8_Full64
# DVE build date: Dec  2 2023 20:43:07
#<Session mode="Restart" path=".restartSimSession.tcl" type="Debug">
# Application preferences
#<WindowLayout>
# DVE top-level session
# Create and position top-level window: TopLevel.1
set TopLevel.1 TopLevel.1
# Docked window settings
set HSPane.1 HSPane.1
set Hier.1 Hier.1
set DLPane.1 DLPane.1
set Data.1 Data.1
set Console.1 Console.1
# MDI window settings
set Source.1 Source.1
# End MDI window settings
# Create and position top-level window: TopLevel.2
set TopLevel.2 TopLevel.2
# Docked window settings
# MDI window settings
set Wave.1 Wave.1
# End MDI window settings
#</WindowLayout>
#<Database>
#</Database>
# DVE Global setting session:
# Global: Breakpoints
# Global: Bus
# Global: Expressions
# Global: Signal Time Shift
# Global: Signal Compare
# Global: Signal Groups
set _session_group_1 Group1
set Group1 "$_session_group_1"
# Global: Highlighting
# Global: Stack
synopsys::xml {set_only_active_frame <data value="1" />}
# Post database loading setting...
# Save global setting...
# Wave/List view global setting
# Close all empty TopLevel windows
foreach __top [gui_ekki_get_window_ids -type TopLevel] {     if { [llength [gui_ekki_get_window_ids -parent $__top]] == 0} {         gui_close_window -window $__top     } }
# DVE View/pane content session:
# Hier 'Hier.1'
catch {gui_list_select -id ${Hier.1} {fft_top_tb}}
# Data 'Data.1'
catch { gui_list_select -id ${Data.1} {fft_top_tb.i }}
# Source 'Source.1'
# View 'Wave.1'
set groupExD [gui_get_pref_value -category Wave -key exclusiveSG]
set origWaveHeight [gui_get_pref_value -category Wave -key waveRowHeight]
set origGroupCreationState [gui_list_create_group_when_add -wave]
synopsys::dump -add {fft_top_tb.clk fft_top_tb.i fft_top_tb.in_imag fft_top_tb.in_push fft_top_tb.in_real fft_top_tb.out_imag fft_top_tb.out_push fft_top_tb.out_real } -aggregates  -fid VPD1
if {$origGroupCreationState} { 	gui_list_create_group_when_add -wave -enable }
if { $groupExD } {  gui_msg_report -code DVWW028 }
# Restore toplevel window zorder
# The toplevel window could be closed if it has no view/pane
if {[gui_exist_window -window ${TopLevel.1}]} { 	gui_set_active_window -window ${TopLevel.1} 	gui_set_active_window -window ${Source.1} 	gui_set_active_window -window ${DLPane.1} }
if {[gui_exist_window -window ${TopLevel.2}]} { 	gui_set_active_window -window ${TopLevel.2} 	gui_set_active_window -window ${Wave.1} }
#</Session>
synopsys::run
set ucliGUI::state
set ucliGUI::state
set ucliGUI::state
set ucliGUI::state
