# Preference setting overrides
gui_create_pref_key -category {Globals} -key {load_detail_for_funcov} -value_type {bool} -value {false}

# State setting overrides
gui_state_default_create -off -ini
gui_set_state_value -category Layout -key child_console_size_x -value 1853
gui_set_state_value -category Layout -key child_console_size_y -value 178
gui_set_state_value -category Layout -key child_data_size_x -value 173
gui_set_state_value -category Layout -key child_data_size_y -value 718
gui_set_state_value -category Layout -key child_hier_col3 -value {-1}
gui_set_state_value -category Layout -key child_hier_colpd -value 0
gui_set_state_value -category Layout -key child_hier_size_x -value 173
gui_set_state_value -category Layout -key child_hier_size_y -value 718
gui_set_state_value -category Layout -key child_source_docknewline -value false
gui_set_state_value -category Layout -key child_source_pos_x -value {-2}
gui_set_state_value -category Layout -key child_source_pos_y -value {-17}
gui_set_state_value -category Layout -key child_source_size_x -value 1510
gui_set_state_value -category Layout -key child_source_size_y -value 714
gui_set_state_value -category Layout -key child_wave_colname -value 266
gui_set_state_value -category Layout -key child_wave_colvalue -value 267
gui_set_state_value -category Layout -key child_wave_left -value 537
gui_set_state_value -category Layout -key child_wave_right -value 1311
gui_set_state_value -category Layout -key main_pos_x -value 14
gui_set_state_value -category Layout -key main_pos_y -value 49
gui_set_state_value -category Layout -key main_size_x -value 1867
gui_set_state_value -category Layout -key main_size_y -value 1059
gui_set_state_value -category Layout -key stand_wave_child_docknewline -value false
gui_set_state_value -category Layout -key stand_wave_child_pos_x -value {-2}
gui_set_state_value -category Layout -key stand_wave_child_pos_y -value {-17}
gui_set_state_value -category Layout -key stand_wave_child_size_x -value 1858
gui_set_state_value -category Layout -key stand_wave_child_size_y -value 892
gui_set_state_value -category Layout -key stand_wave_top_pos_x -value 0
gui_set_state_value -category Layout -key stand_wave_top_pos_y -value 37
gui_set_state_value -category Layout -key stand_wave_top_size_x -value 1853
gui_set_state_value -category Layout -key stand_wave_top_size_y -value 1047
gui_create_state_key -category FindDialog -key m_pMatchCase -value_type bool -value false
gui_create_state_key -category FindDialog -key m_pMatchWord -value_type bool -value false
gui_create_state_key -category FindDialog -key m_pUseCombo -value_type string -value {}
gui_create_state_key -category FindDialog -key m_pWrapAround -value_type bool -value true
gui_state_default_create -off

# Begin command logging
gui_sim_run Ucli -exe ./simv -args {-ucligui  } -dir .
gui_list_select -id Data.1 -selected  { {fft_top_tb.in_real[15:0]}   }
gui_open_window Wave
gui_list_add -id Wave.1 -from Data.1 { {fft_top_tb.in_real[15:0]} } -insertionbar
gui_list_select -id Data.1 -selected  { {fft_top_tb.in_imag[15:0]}   }
gui_list_add -id Wave.1 -from Data.1 { {fft_top_tb.in_imag[15:0]} } -insertionbar
gui_list_select -id Data.1 -selected  { fft_top_tb.in_push   }
gui_list_add -id Wave.1 -from Data.1 { fft_top_tb.in_push } -insertionbar
gui_list_select -id Data.1 -selected  { fft_top_tb.clk   }
gui_list_add -id Wave.1 -from Data.1 { fft_top_tb.clk } -insertionbar
gui_list_select -id Data.1 -selected  { fft_top_tb.reset   }
gui_list_add -id Wave.1 -from Data.1 { fft_top_tb.reset } -insertionbar
gui_list_select -id Data.1 -selected  { {fft_top_tb.out_real[15:0]}   }
gui_list_add -id Wave.1 -from Data.1 { {fft_top_tb.out_real[15:0]} } -insertionbar
gui_list_select -id Data.1 -selected  { {fft_top_tb.out_imag[15:0]}   }
gui_list_add -id Wave.1 -from Data.1 { {fft_top_tb.out_imag[15:0]} } -insertionbar
gui_list_select -id Data.1 -selected  { fft_top_tb.in_stall   }
gui_list_select -id Data.1 -selected  { fft_top_tb.out_push   }
gui_list_add -id Wave.1 -from Data.1 { fft_top_tb.out_push } -insertionbar
gui_list_select -id Data.1 -selected  { {fft_top_tb.i[31:0]}   }
gui_list_add -id Wave.1 -from Data.1 { {fft_top_tb.i[31:0]} } -insertionbar
gui_list_select -id Data.1 -selected  { {fft_top_tb.r[31:0]}   }
gui_list_add -id Wave.1 -from Data.1 { {fft_top_tb.r[31:0]} } -insertionbar
gui_sim_continue  
gui_zoom -window Wave.1 -full
gui_wv_zoom_timerange -id  Wave.1 0 353140
gui_zoom -window Wave.1 -full
gui_marker_move -id  Wave.1 C1 16000
gui_marker_move -id  Wave.1 C1 20000
gui_marker_move -id  Wave.1 C1 28000
gui_marker_move -id  Wave.1 C1 37114
gui_marker_move -id  Wave.1 C1 52000
gui_marker_move -id  Wave.1 C1 72000
gui_marker_move -id  Wave.1 C1 80000
gui_marker_move -id  Wave.1 C1 208000
gui_marker_move -id  Wave.1 C1 216000
gui_wv_zoom_timerange -id  Wave.1 231237 232328
gui_zoom -window Wave.1 -full
gui_list_select -id Wave.1 -selected  { {fft_top_tb.r[31:0]}   }
gui_delete_selected -id  Wave.1
gui_list_select -id Wave.1 -selected  { {fft_top_tb.i[31:0]}   }
gui_marker_move -id  Wave.1 C1 69498
gui_marker_move -id  Wave.1 C1 24379
gui_marker_move -id  Wave.1 C1 5276
gui_marker_move -id  Wave.1 C1 70772
gui_list_select -id Wave.1 -selected  { {fft_top_tb.in_real[15:0]}   }
gui_list_select -id Wave.1 -selected  {  }
gui_close_window -window TopLevel.2
