01:00:58    16 -->                                                             [tcl] ucliGUI::connect -toolargs -ucligui -toolexe ./simv -pid 30951 -toolin /tmp/vcs_20250621193054_30950_user10..stdin -toolout /tmp/vcs_20250621193054_30950_user10..stdout  
01:00:58    17 -->                                                                 [tcl] set ucliGUI::state
01:00:58    18 -->                                                                     [tcl] set ucliGUI::state
01:00:58    19 -->                                                                         [tcl] ucliCore::getToolPID
01:00:58    20 -->                                                                             [tcl] synopsys::env hasTB
01:00:58    21 -->                                                                                 [tcl] trigger_hier_stack_context_switch 0
01:00:58    22 -->                                                                                     [tcl] synUtils::setDVEInitPhase 1
01:00:58    23 -->                                                                                         [tcl] gui_get_env SIMSETUP::SIMVPD
01:00:58    24 -->                                                                                             [tcl] synopsys::dump -type VPD -file /home/vlsi_lab/user10/Documents/mp_e19276/fft_core_16bit_vlsi_design/outputs/inter.vpd -locking
01:00:58    25 --> ...  [tcl] synopsys::dump -autoflush on -fid VPD0
01:00:58    26 --> ...      [tcl] set ::dve_fid VPD0
01:00:58    27 --> ...          [tcl] synUtils::setDVEInitPhase 0
01:00:58    28 --> ...              [tcl] ucliCore::getToolPID
01:00:58    29 --> ...                  [tcl] synUtils::sendTool -active _icl_setToolSocket /tmp/smlnpZD4eiy
01:00:58    30 --> ...                      [tcl] synUtils::sendTool -active {_icl_start_rpc -version "T-2022.06-SP2-8_Full64" -sync_file /tmp/vcs_dve_rpc.user10.30951}
01:00:59    31 --> ...                          [tcl] synUtils::sendTool -active {_icl_createSharedMemory /tmp/vcs_dve_general.user10.30951}
01:01:00    32 --> ...                              [tcl] dveMisc::vbusExpand fft_top_tb
01:01:00    33 --> ...                                  [tcl] config endofsim noexit
01:01:00    34 --> ...                                      [tcl] config onfail enable all
01:01:00    35 --> ...                                          [tcl] config syscaddplainmembers
01:01:00    36 --> ...                                              [tcl] config syscaddsourcenames
01:01:00    37 --> ...                                                  [tcl] config syscaddstructtypes
01:01:00    38 --> ...                                                      [tcl] synopsys::listing -disable
01:01:10    39 --> ...                                                          [tcl] synopsys::dump -add {fft_top_tb.in_real } -aggregates  -fid VPD0
01:01:15    40 --> ...                                                              [tcl] synopsys::dump -add {fft_top_tb.in_imag } -aggregates  -fid VPD0
01:01:18    41 --> ...                                                                  [tcl] synopsys::dump -add {fft_top_tb.in_push } -aggregates  -fid VPD0
01:01:20    42 --> ...                                                                      [tcl] synopsys::dump -add {fft_top_tb.clk } -aggregates  -fid VPD0
01:01:23    43 --> ...                                                                          [tcl] synopsys::dump -add {fft_top_tb.reset } -aggregates  -fid VPD0
01:01:25    44 --> ...                                                                              [tcl] synopsys::dump -add {fft_top_tb.out_real } -aggregates  -fid VPD0
01:01:27    45 --> ...                                                                                  [tcl] synopsys::dump -add {fft_top_tb.out_imag } -aggregates  -fid VPD0
01:01:29    46 --> ...                                                                                      [tcl] synopsys::dump -add {fft_top_tb.out_push } -aggregates  -fid VPD0
01:01:31    47 --> ...                                                                                          [tcl] synopsys::dump -add {fft_top_tb.i } -aggregates  -fid VPD0
01:01:32    48 --> ...                                                                                              [tcl] synopsys::dump -add {fft_top_tb.r } -aggregates  -fid VPD0
01:01:40    49 --> ...                                                                                                  [tcl] synopsys::run
01:01:40    50 --> ...  [tcl] set ucliGUI::state
01:01:40    51 --> ...      [tcl] gui_update_simulator_buttons
01:01:40    52 --> ...          [tcl] set ucliGUI::state
01:01:40    53 --> ...              [tcl] set ucliGUI::state
01:01:40    54 --> ...                  [tcl] set ucliGUI::state
01:01:40    55 --> ...                      [tcl] catch {senv activeDomain} dveMisc::result 
01:01:40    56 --> ...                          [tcl] set dveMisc::result
01:01:40    57 --> ...                              [tcl] gui_update_simulator_buttons
01:56:31    58 --> ...                                  [tcl] if [catch {gui_sim_terminate}] {gui_sim_terminate -kill}
01:56:31    59 --> ...                                      [tcl] synopsys::finish
01:56:31    60 --> ...                                          [tcl] set ucliGUI::state
01:56:31    61 --> ...                                              [tcl] gui_update_simulator_buttons
01:56:32    62 --> ...                                                  [tcl] set ucliGUI::state
01:56:32    63 --> ...                                                      [tcl] catch {senv activeDomain} dveMisc::result 
01:56:32    64 --> ...                                                          [tcl] set dveMisc::result
01:56:32    65 --> ...                                                              [tcl] gui_update_simulator_buttons
01:56:32    66 --> ...                                                                  [tcl] catch {senv activeDomain} dveMisc::result 
01:56:32    67 --> ...                                                                      [tcl] set dveMisc::result
01:56:32    68 --> ...                                                                          [tcl] ucli_exit
